#
# There is insufficient memory for the Java Runtime Environment to continue.
# Native memory allocation (malloc) failed to allocate 45936 bytes for Chunk::new
# Possible reasons:
#   The system is out of physical RAM or swap space
#   The process is running with CompressedOops enabled, and the Java Heap may be blocking the growth of the native heap
# Possible solutions:
#   Reduce memory load on the system
#   Increase physical memory or swap space
#   Check if swap backing store is full
#   Decrease Java heap size (-Xmx/-Xms)
#   Decrease number of Java threads
#   Decrease Java thread stack sizes (-Xss)
#   Set larger code cache with -XX:ReservedCodeCacheSize=
#   JVM is running with Unscaled Compressed Oops mode in which the Java heap is
#     placed in the first 4GB address space. The Java Heap base address is the
#     maximum limit for the native heap growth. Please use -XX:HeapBaseMinAddress
#     to set the Java Heap base and to place the Java Heap above 4GB virtual address.
# This output file may be truncated or incomplete.
#
#  Out of Memory Error (allocation.cpp:389), pid=18540, tid=0x00000000000039bc
#
# JRE version: Java(TM) SE Runtime Environment (8.0_301-b09) (build 1.8.0_301-b09)
# Java VM: Java HotSpot(TM) 64-Bit Server VM (25.301-b09 mixed mode windows-amd64 compressed oops)
# Failed to write core dump. Minidumps are not enabled by default on client versions of Windows
#

---------------  T H R E A D  ---------------

Current thread (0x0000024034404000):  JavaThread "C2 CompilerThread1" daemon [_thread_in_native, id=14780, stack(0x000000fff8f00000,0x000000fff9000000)]

Stack: [0x000000fff8f00000,0x000000fff9000000]
Native frames: (J=compiled Java code, j=interpreted, Vv=VM code, C=native code)
V  [jvm.dll+0x32ed79]


Current CompileTask:
C2:  16382 7643       4       sun.nio.cs.StreamEncoder::writeBytes (132 bytes)


---------------  P R O C E S S  ---------------

Java Threads: ( => current thread )
  0x0000024038532000 JavaThread "Thread-5" [_thread_in_native, id=18984, stack(0x000000fff9d00000,0x000000fff9e00000)]
  0x0000024038535800 JavaThread "Thread-4" [_thread_in_native, id=13764, stack(0x000000fff9c00000,0x000000fff9d00000)]
  0x0000024038534800 JavaThread "Thread-3" [_thread_blocked, id=19660, stack(0x000000fff9b00000,0x000000fff9c00000)]
  0x0000024038533000 JavaThread "ThreadedStreamConsumer" daemon [_thread_blocked, id=17624, stack(0x000000fff9a00000,0x000000fff9b00000)]
  0x000002403a2db000 JavaThread "ping-timer-10s" daemon [_thread_blocked, id=18704, stack(0x000000fff9900000,0x000000fff9a00000)]
  0x000002403779b800 JavaThread "timeout-check-timer" daemon [_thread_blocked, id=11624, stack(0x000000fff9800000,0x000000fff9900000)]
  0x0000024039373800 JavaThread "resolver-5" daemon [_thread_blocked, id=21180, stack(0x000000fff9700000,0x000000fff9800000)]
  0x000002403a748800 JavaThread "resolver-4" daemon [_thread_blocked, id=14120, stack(0x000000fff9600000,0x000000fff9700000)]
  0x0000024037b11800 JavaThread "resolver-3" daemon [_thread_blocked, id=19868, stack(0x000000fff9500000,0x000000fff9600000)]
  0x0000024035986800 JavaThread "resolver-2" daemon [_thread_blocked, id=15448, stack(0x000000fff9400000,0x000000fff9500000)]
  0x0000024037682000 JavaThread "resolver-1" daemon [_thread_blocked, id=16096, stack(0x000000fff9300000,0x000000fff9400000)]
  0x0000024034443000 JavaThread "Service Thread" daemon [_thread_blocked, id=11760, stack(0x000000fff9100000,0x000000fff9200000)]
  0x0000024034420000 JavaThread "C1 CompilerThread2" daemon [_thread_blocked, id=2360, stack(0x000000fff9000000,0x000000fff9100000)]
=>0x0000024034404000 JavaThread "C2 CompilerThread1" daemon [_thread_in_native, id=14780, stack(0x000000fff8f00000,0x000000fff9000000)]
  0x00000240343c5000 JavaThread "C2 CompilerThread0" daemon [_thread_blocked, id=18976, stack(0x000000fff8e00000,0x000000fff8f00000)]
  0x00000240343c4000 JavaThread "Attach Listener" daemon [_thread_blocked, id=11376, stack(0x000000fff8d00000,0x000000fff8e00000)]
  0x00000240343c2800 JavaThread "Signal Dispatcher" daemon [_thread_blocked, id=1568, stack(0x000000fff8c00000,0x000000fff8d00000)]
  0x000002401df39000 JavaThread "Finalizer" daemon [_thread_blocked, id=20020, stack(0x000000fff8b00000,0x000000fff8c00000)]
  0x0000024034396000 JavaThread "Reference Handler" daemon [_thread_blocked, id=16276, stack(0x000000fff8a00000,0x000000fff8b00000)]
  0x000002401dd25000 JavaThread "main" [_thread_in_native, id=2000, stack(0x000000fff8400000,0x000000fff8500000)]

Other Threads:
  0x0000024034372000 VMThread [stack: 0x000000fff8900000,0x000000fff8a00000] [id=17728]
  0x0000024034446800 WatcherThread [stack: 0x000000fff9200000,0x000000fff9300000] [id=9832]

VM state:not at safepoint (normal execution)

VM Mutex/Monitor currently owned by a thread: None

heap address: 0x0000000081e00000, size: 2018 MB, Compressed Oops mode: 32-bit
Narrow klass base: 0x0000000000000000, Narrow klass shift: 3
Compressed class space size: 1073741824 Address: 0x0000000100000000

Heap:
 PSYoungGen      total 283648K, used 113548K [0x00000000d5f80000, 0x00000000eef80000, 0x0000000100000000)
  eden space 255488K, 44% used [0x00000000d5f80000,0x00000000dce63360,0x00000000e5900000)
  from space 28160K, 0% used [0x00000000e5900000,0x00000000e5900000,0x00000000e7480000)
  to   space 39936K, 0% used [0x00000000ec880000,0x00000000ec880000,0x00000000eef80000)
 ParOldGen       total 144384K, used 50652K [0x0000000081e00000, 0x000000008ab00000, 0x00000000d5f80000)
  object space 144384K, 35% used [0x0000000081e00000,0x0000000084f771c8,0x000000008ab00000)
 Metaspace       used 28777K, capacity 29502K, committed 29616K, reserved 1075200K
  class space    used 3176K, capacity 3428K, committed 3504K, reserved 1048576K

Card table byte_map: [0x000002402eab0000,0x000002402eeb0000] byte_map_base: 0x000002402e6a1000

Marking Bits: (ParMarkBitMap*) 0x0000000066967fe0
 Begin Bits: [0x000002402f160000, 0x00000240310e8000)
 End Bits:   [0x00000240310e8000, 0x0000024033070000)

Polling page: 0x000002401dce0000

CodeCache: size=245760Kb used=22709Kb max_used=25895Kb free=223051Kb
 bounds [0x000002401f6f0000, 0x0000024021060000, 0x000002402e6f0000]
 total_blobs=6377 nmethods=5923 adapters=366
 compilation: enabled

Compilation events (10 events):
Event: 14.231 Thread 0x0000024034420000 7640       3       java.util.concurrent.locks.ReentrantLock$NonfairSync::tryAcquire (6 bytes)
Event: 14.232 Thread 0x0000024034420000 nmethod 7640 0x000002402012cbd0 code [0x000002402012cd40, 0x000002402012cf50]
Event: 14.827 Thread 0x0000024034420000 7641       3       java.util.concurrent.TimeUnit$1::toNanos (2 bytes)
Event: 14.827 Thread 0x0000024034420000 nmethod 7641 0x00000240207c3e10 code [0x00000240207c3f60, 0x00000240207c40b8]
Event: 14.928 Thread 0x0000024034420000 7642       3       java.util.concurrent.TimeUnit$1::convert (6 bytes)
Event: 14.928 Thread 0x0000024034420000 nmethod 7642 0x000002402089d810 code [0x000002402089d980, 0x000002402089dbb0]
Event: 16.377 Thread 0x0000024034404000 7643       4       sun.nio.cs.StreamEncoder::writeBytes (132 bytes)
Event: 16.379 Thread 0x0000024034420000 7644       3       java.util.Calendar::internalGet (7 bytes)
Event: 16.379 Thread 0x0000024034420000 nmethod 7644 0x0000024020a4f3d0 code [0x0000024020a4f520, 0x0000024020a4f698]
Event: 16.379 Thread 0x0000024034420000 7645       3       sun.nio.cs.UTF_8$Encoder::encodeArrayLoop (489 bytes)

GC Heap History (10 events):
Event: 5.129 GC heap before
{Heap before GC invocations=9 (full 1):
 PSYoungGen      total 145920K, used 133120K [0x00000000d5f80000, 0x00000000e7e80000, 0x0000000100000000)
  eden space 133120K, 100% used [0x00000000d5f80000,0x00000000de180000,0x00000000de180000)
  from space 12800K, 0% used [0x00000000de180000,0x00000000de180000,0x00000000dee00000)
  to   space 13824K, 0% used [0x00000000e7100000,0x00000000e7100000,0x00000000e7e80000)
 ParOldGen       total 80384K, used 22477K [0x0000000081e00000, 0x0000000086c80000, 0x00000000d5f80000)
  object space 80384K, 27% used [0x0000000081e00000,0x00000000833f36e8,0x0000000086c80000)
 Metaspace       used 22857K, capacity 23304K, committed 23600K, reserved 1071104K
  class space    used 2617K, capacity 2776K, committed 2864K, reserved 1048576K
Event: 5.156 GC heap after
Heap after GC invocations=9 (full 1):
 PSYoungGen      total 214016K, used 13795K [0x00000000d5f80000, 0x00000000e7e80000, 0x0000000100000000)
  eden space 200192K, 0% used [0x00000000d5f80000,0x00000000d5f80000,0x00000000e2300000)
  from space 13824K, 99% used [0x00000000e7100000,0x00000000e7e78c80,0x00000000e7e80000)
  to   space 22528K, 0% used [0x00000000e5280000,0x00000000e5280000,0x00000000e6880000)
 ParOldGen       total 80384K, used 37742K [0x0000000081e00000, 0x0000000086c80000, 0x00000000d5f80000)
  object space 80384K, 46% used [0x0000000081e00000,0x00000000842dba10,0x0000000086c80000)
 Metaspace       used 22857K, capacity 23304K, committed 23600K, reserved 1071104K
  class space    used 2617K, capacity 2776K, committed 2864K, reserved 1048576K
}
Event: 7.021 GC heap before
{Heap before GC invocations=10 (full 1):
 PSYoungGen      total 214016K, used 213987K [0x00000000d5f80000, 0x00000000e7e80000, 0x0000000100000000)
  eden space 200192K, 100% used [0x00000000d5f80000,0x00000000e2300000,0x00000000e2300000)
  from space 13824K, 99% used [0x00000000e7100000,0x00000000e7e78c80,0x00000000e7e80000)
  to   space 22528K, 0% used [0x00000000e5280000,0x00000000e5280000,0x00000000e6880000)
 ParOldGen       total 80384K, used 37742K [0x0000000081e00000, 0x0000000086c80000, 0x00000000d5f80000)
  object space 80384K, 46% used [0x0000000081e00000,0x00000000842dba10,0x0000000086c80000)
 Metaspace       used 25427K, capacity 26050K, committed 26160K, reserved 1073152K
  class space    used 2871K, capacity 3069K, committed 3120K, reserved 1048576K
Event: 7.047 GC heap after
Heap after GC invocations=10 (full 1):
 PSYoungGen      total 271360K, used 22513K [0x00000000d5f80000, 0x00000000e8d80000, 0x0000000100000000)
  eden space 248832K, 0% used [0x00000000d5f80000,0x00000000d5f80000,0x00000000e5280000)
  from space 22528K, 99% used [0x00000000e5280000,0x00000000e687c660,0x00000000e6880000)
  to   space 25600K, 0% used [0x00000000e7480000,0x00000000e7480000,0x00000000e8d80000)
 ParOldGen       total 80384K, used 38187K [0x0000000081e00000, 0x0000000086c80000, 0x00000000d5f80000)
  object space 80384K, 47% used [0x0000000081e00000,0x000000008434afe8,0x0000000086c80000)
 Metaspace       used 25427K, capacity 26050K, committed 26160K, reserved 1073152K
  class space    used 2871K, capacity 3069K, committed 3120K, reserved 1048576K
}
Event: 8.146 GC heap before
{Heap before GC invocations=11 (full 1):
 PSYoungGen      total 271360K, used 271345K [0x00000000d5f80000, 0x00000000e8d80000, 0x0000000100000000)
  eden space 248832K, 100% used [0x00000000d5f80000,0x00000000e5280000,0x00000000e5280000)
  from space 22528K, 99% used [0x00000000e5280000,0x00000000e687c660,0x00000000e6880000)
  to   space 25600K, 0% used [0x00000000e7480000,0x00000000e7480000,0x00000000e8d80000)
 ParOldGen       total 80384K, used 38187K [0x0000000081e00000, 0x0000000086c80000, 0x00000000d5f80000)
  object space 80384K, 47% used [0x0000000081e00000,0x000000008434afe8,0x0000000086c80000)
 Metaspace       used 26041K, capacity 26724K, committed 27056K, reserved 1073152K
  class space    used 2926K, capacity 3142K, committed 3248K, reserved 1048576K
Event: 8.183 GC heap after
Heap after GC invocations=11 (full 1):
 PSYoungGen      total 281088K, used 23003K [0x00000000d5f80000, 0x00000000ed500000, 0x0000000100000000)
  eden space 255488K, 0% used [0x00000000d5f80000,0x00000000d5f80000,0x00000000e5900000)
  from space 25600K, 89% used [0x00000000e7480000,0x00000000e8af6e40,0x00000000e8d80000)
  to   space 28160K, 0% used [0x00000000e5900000,0x00000000e5900000,0x00000000e7480000)
 ParOldGen       total 80384K, used 51751K [0x0000000081e00000, 0x0000000086c80000, 0x00000000d5f80000)
  object space 80384K, 64% used [0x0000000081e00000,0x0000000085089cf8,0x0000000086c80000)
 Metaspace       used 26041K, capacity 26724K, committed 27056K, reserved 1073152K
  class space    used 2926K, capacity 3142K, committed 3248K, reserved 1048576K
}
Event: 11.179 GC heap before
{Heap before GC invocations=12 (full 1):
 PSYoungGen      total 281088K, used 278491K [0x00000000d5f80000, 0x00000000ed500000, 0x0000000100000000)
  eden space 255488K, 100% used [0x00000000d5f80000,0x00000000e5900000,0x00000000e5900000)
  from space 25600K, 89% used [0x00000000e7480000,0x00000000e8af6e40,0x00000000e8d80000)
  to   space 28160K, 0% used [0x00000000e5900000,0x00000000e5900000,0x00000000e7480000)
 ParOldGen       total 80384K, used 51751K [0x0000000081e00000, 0x0000000086c80000, 0x00000000d5f80000)
  object space 80384K, 64% used [0x0000000081e00000,0x0000000085089cf8,0x0000000086c80000)
 Metaspace       used 28119K, capacity 28904K, committed 29104K, reserved 1075200K
  class space    used 3128K, capacity 3378K, committed 3504K, reserved 1048576K
Event: 11.212 GC heap after
Heap after GC invocations=12 (full 1):
 PSYoungGen      total 283648K, used 28155K [0x00000000d5f80000, 0x00000000eef80000, 0x0000000100000000)
  eden space 255488K, 0% used [0x00000000d5f80000,0x00000000d5f80000,0x00000000e5900000)
  from space 28160K, 99% used [0x00000000e5900000,0x00000000e747ef00,0x00000000e7480000)
  to   space 39936K, 0% used [0x00000000ec880000,0x00000000ec880000,0x00000000eef80000)
 ParOldGen       total 80384K, used 72418K [0x0000000081e00000, 0x0000000086c80000, 0x00000000d5f80000)
  object space 80384K, 90% used [0x0000000081e00000,0x00000000864b8860,0x0000000086c80000)
 Metaspace       used 28119K, capacity 28904K, committed 29104K, reserved 1075200K
  class space    used 3128K, capacity 3378K, committed 3504K, reserved 1048576K
}
Event: 11.213 GC heap before
{Heap before GC invocations=13 (full 2):
 PSYoungGen      total 283648K, used 28155K [0x00000000d5f80000, 0x00000000eef80000, 0x0000000100000000)
  eden space 255488K, 0% used [0x00000000d5f80000,0x00000000d5f80000,0x00000000e5900000)
  from space 28160K, 99% used [0x00000000e5900000,0x00000000e747ef00,0x00000000e7480000)
  to   space 39936K, 0% used [0x00000000ec880000,0x00000000ec880000,0x00000000eef80000)
 ParOldGen       total 80384K, used 72418K [0x0000000081e00000, 0x0000000086c80000, 0x00000000d5f80000)
  object space 80384K, 90% used [0x0000000081e00000,0x00000000864b8860,0x0000000086c80000)
 Metaspace       used 28119K, capacity 28904K, committed 29104K, reserved 1075200K
  class space    used 3128K, capacity 3378K, committed 3504K, reserved 1048576K
Event: 11.297 GC heap after
Heap after GC invocations=13 (full 2):
 PSYoungGen      total 283648K, used 0K [0x00000000d5f80000, 0x00000000eef80000, 0x0000000100000000)
  eden space 255488K, 0% used [0x00000000d5f80000,0x00000000d5f80000,0x00000000e5900000)
  from space 28160K, 0% used [0x00000000e5900000,0x00000000e5900000,0x00000000e7480000)
  to   space 39936K, 0% used [0x00000000ec880000,0x00000000ec880000,0x00000000eef80000)
 ParOldGen       total 144384K, used 50652K [0x0000000081e00000, 0x000000008ab00000, 0x00000000d5f80000)
  object space 144384K, 35% used [0x0000000081e00000,0x0000000084f771c8,0x000000008ab00000)
 Metaspace       used 26013K, capacity 26652K, committed 29104K, reserved 1075200K
  class space    used 2887K, capacity 3100K, committed 3504K, reserved 1048576K
}

Deoptimization events (10 events):
Event: 11.751 Thread 0x000002401dd25000 Uncommon trap: reason=unstable_if action=reinterpret pc=0x000002401fb5971c method=org.codehaus.plexus.classworlds.realm.Entry.matches(Ljava/lang/String;)Z @ 20
Event: 11.754 Thread 0x000002401dd25000 Uncommon trap: reason=class_check action=maybe_recompile pc=0x0000024020a46d10 method=java.util.AbstractList$Itr.hasNext()Z @ 8
Event: 11.754 Thread 0x000002401dd25000 Uncommon trap: reason=class_check action=maybe_recompile pc=0x0000024020a46984 method=java.util.AbstractList$Itr.next()Ljava/lang/Object; @ 14
Event: 11.754 Thread 0x000002401dd25000 Uncommon trap: reason=unstable_if action=reinterpret pc=0x0000024020325800 method=java.lang.Long.stringSize(J)I @ 11
Event: 11.758 Thread 0x000002401dd25000 Uncommon trap: reason=unstable_if action=reinterpret pc=0x00000240200e2328 method=java.util.concurrent.ConcurrentHashMap.replaceNode(Ljava/lang/Object;Ljava/lang/Object;Ljava/lang/Object;)Ljava/lang/Object; @ 17
Event: 11.762 Thread 0x000002401dd25000 Uncommon trap: reason=unstable_if action=reinterpret pc=0x000002402046e708 method=org.apache.maven.model.PluginContainer.setLocation(Ljava/lang/Object;Lorg/apache/maven/model/InputLocation;)V @ 8
Event: 11.817 Thread 0x0000024037682000 Uncommon trap: reason=unstable_if action=reinterpret pc=0x00000240201853ec method=java.lang.Thread.getContextClassLoader()Ljava/lang/ClassLoader; @ 4
Event: 11.817 Thread 0x0000024035986800 Uncommon trap: reason=unstable_if action=reinterpret pc=0x00000240201853ec method=java.lang.Thread.getContextClassLoader()Ljava/lang/ClassLoader; @ 4
Event: 11.903 Thread 0x000002401dd25000 Uncommon trap: reason=unstable_if action=reinterpret pc=0x000002401f811c20 method=java.util.concurrent.locks.AbstractQueuedSynchronizer.release(I)Z @ 14
Event: 12.009 Thread 0x000002401dd25000 Uncommon trap: reason=class_check action=maybe_recompile pc=0x000002402039e610 method=java.util.Collections$UnmodifiableMap$UnmodifiableEntrySet$1.<init>(Ljava/util/Collections$UnmodifiableMap$UnmodifiableEntrySet;)V @ 17

Classes redefined (0 events):
No events

Internal exceptions (10 events):
Event: 10.167 Thread 0x000002401dd25000 Exception <a 'java/security/PrivilegedActionException'> (0x00000000e32196e8) thrown at [C:\jenkins\workspace\8-2-build-windows-amd64-cygwin\jdk8u301\1513\hotspot\src\share\vm\prims\jvm.cpp, line 1523]
Event: 10.168 Thread 0x000002401dd25000 Exception <a 'java/security/PrivilegedActionException'> (0x00000000e321afe8) thrown at [C:\jenkins\workspace\8-2-build-windows-amd64-cygwin\jdk8u301\1513\hotspot\src\share\vm\prims\jvm.cpp, line 1523]
Event: 10.168 Thread 0x000002401dd25000 Exception <a 'java/security/PrivilegedActionException'> (0x00000000e321b5c8) thrown at [C:\jenkins\workspace\8-2-build-windows-amd64-cygwin\jdk8u301\1513\hotspot\src\share\vm\prims\jvm.cpp, line 1523]
Event: 10.168 Thread 0x000002401dd25000 Exception <a 'java/security/PrivilegedActionException'> (0x00000000e321d1f0) thrown at [C:\jenkins\workspace\8-2-build-windows-amd64-cygwin\jdk8u301\1513\hotspot\src\share\vm\prims\jvm.cpp, line 1523]
Event: 10.168 Thread 0x000002401dd25000 Exception <a 'java/security/PrivilegedActionException'> (0x00000000e321d7d0) thrown at [C:\jenkins\workspace\8-2-build-windows-amd64-cygwin\jdk8u301\1513\hotspot\src\share\vm\prims\jvm.cpp, line 1523]
Event: 10.168 Thread 0x000002401dd25000 Exception <a 'java/security/PrivilegedActionException'> (0x00000000e321f1e0) thrown at [C:\jenkins\workspace\8-2-build-windows-amd64-cygwin\jdk8u301\1513\hotspot\src\share\vm\prims\jvm.cpp, line 1523]
Event: 10.168 Thread 0x000002401dd25000 Exception <a 'java/security/PrivilegedActionException'> (0x00000000e321f7c0) thrown at [C:\jenkins\workspace\8-2-build-windows-amd64-cygwin\jdk8u301\1513\hotspot\src\share\vm\prims\jvm.cpp, line 1523]
Event: 11.735 Thread 0x0000024037682000 Implicit null exception at 0x00000240203e0e89 to 0x00000240203e0f55
Event: 11.739 Thread 0x000002401dd25000 Exception <a 'java/lang/NoSuchMethodError': org.apache.maven.execution.MavenExecutionRequest.getFailureBehavior()Ljava/lang/String;> (0x00000000d8eb0420) thrown at [C:\jenkins\workspace\8-2-build-windows-amd64-cygwin\jdk8u301\1513\hotspot\src\share\vm\int
Event: 11.758 Thread 0x000002401dd25000 Implicit null exception at 0x00000240200e1ddb to 0x00000240200e230d

Events (10 events):
Event: 16.369 loading class org/apache/maven/plugin/surefire/booterclient/output/InPluginProcessDumpSingleton
Event: 16.369 loading class org/apache/maven/plugin/surefire/booterclient/output/InPluginProcessDumpSingleton done
Event: 16.370 loading class org/apache/maven/plugin/surefire/booterclient/output/InPluginProcessDumpSingleton
Event: 16.370 loading class org/apache/maven/plugin/surefire/booterclient/output/InPluginProcessDumpSingleton done
Event: 16.370 loading class org/apache/maven/plugin/surefire/booterclient/output/InPluginProcessDumpSingleton
Event: 16.370 loading class org/apache/maven/plugin/surefire/booterclient/output/InPluginProcessDumpSingleton done
Event: 16.371 loading class java/lang/Throwable$WrappedPrintWriter
Event: 16.371 loading class java/lang/Throwable$PrintStreamOrWriter
Event: 16.371 loading class java/lang/Throwable$PrintStreamOrWriter done
Event: 16.371 loading class java/lang/Throwable$WrappedPrintWriter done


Dynamic libraries:
0x00007ff6c7900000 - 0x00007ff6c7947000 	C:\Program Files\Java\jdk1.8.0_301\bin\javaw.exe
0x00007ff8f90e0000 - 0x00007ff8f92d0000 	C:\WINDOWS\SYSTEM32\ntdll.dll
0x00007ff8f7970000 - 0x00007ff8f7a22000 	C:\WINDOWS\System32\KERNEL32.DLL
0x00007ff8f60b0000 - 0x00007ff8f6355000 	C:\WINDOWS\System32\KERNELBASE.dll
0x00007ff8f7e70000 - 0x00007ff8f7f13000 	C:\WINDOWS\System32\ADVAPI32.dll
0x00007ff8f7be0000 - 0x00007ff8f7c7e000 	C:\WINDOWS\System32\msvcrt.dll
0x00007ff8f8d80000 - 0x00007ff8f8e17000 	C:\WINDOWS\System32\sechost.dll
0x00007ff8f7850000 - 0x00007ff8f796f000 	C:\WINDOWS\System32\RPCRT4.dll
0x00007ff8f8e20000 - 0x00007ff8f8fb4000 	C:\WINDOWS\System32\USER32.dll
0x00007ff8f6910000 - 0x00007ff8f6931000 	C:\WINDOWS\System32\win32u.dll
0x00007ff8f8fc0000 - 0x00007ff8f8fe6000 	C:\WINDOWS\System32\GDI32.dll
0x00007ff8f6670000 - 0x00007ff8f6808000 	C:\WINDOWS\System32\gdi32full.dll
0x00007ff8f6940000 - 0x00007ff8f69de000 	C:\WINDOWS\System32\msvcp_win.dll
0x00007ff8f6810000 - 0x00007ff8f690a000 	C:\WINDOWS\System32\ucrtbase.dll
0x00007ff8ee540000 - 0x00007ff8ee7c4000 	C:\WINDOWS\WinSxS\amd64_microsoft.windows.common-controls_6595b64144ccf1df_6.0.18362.1556_none_9e7e372fe45e41d5\COMCTL32.dll
0x00007ff8f86c0000 - 0x00007ff8f89f6000 	C:\WINDOWS\System32\combase.dll
0x00007ff8f6020000 - 0x00007ff8f60a1000 	C:\WINDOWS\System32\bcryptPrimitives.dll
0x00007ff8f84b0000 - 0x00007ff8f84de000 	C:\WINDOWS\System32\IMM32.DLL
0x00007ff8ecfa0000 - 0x00007ff8ecfb5000 	C:\Program Files\Java\jdk1.8.0_301\jre\bin\vcruntime140.dll
0x00007ff8dcd40000 - 0x00007ff8dcddb000 	C:\Program Files\Java\jdk1.8.0_301\jre\bin\msvcp140.dll
0x0000000066180000 - 0x00000000669e0000 	C:\Program Files\Java\jdk1.8.0_301\jre\bin\server\jvm.dll
0x00007ff8f8390000 - 0x00007ff8f8398000 	C:\WINDOWS\System32\PSAPI.DLL
0x00007ff8f40b0000 - 0x00007ff8f40d4000 	C:\WINDOWS\SYSTEM32\WINMM.dll
0x00007ff8f2200000 - 0x00007ff8f220a000 	C:\WINDOWS\SYSTEM32\VERSION.dll
0x00007ff8f4050000 - 0x00007ff8f407d000 	C:\WINDOWS\SYSTEM32\winmmbase.dll
0x00007ff8e1d30000 - 0x00007ff8e1d39000 	C:\WINDOWS\SYSTEM32\WSOCK32.dll
0x00007ff8f6360000 - 0x00007ff8f63aa000 	C:\WINDOWS\System32\cfgmgr32.dll
0x000002401dc70000 - 0x000002401dcdf000 	C:\WINDOWS\System32\ws2_32.DLL
0x00007ff8f5fe0000 - 0x00007ff8f5ff1000 	C:\WINDOWS\System32\kernel.appcore.dll
0x00007ff8f17d0000 - 0x00007ff8f17e0000 	C:\Program Files\Java\jdk1.8.0_301\jre\bin\verify.dll
0x00007ff8e04a0000 - 0x00007ff8e04cb000 	C:\Program Files\Java\jdk1.8.0_301\jre\bin\java.dll
0x00007ff8e2ae0000 - 0x00007ff8e2af8000 	C:\Program Files\Java\jdk1.8.0_301\jre\bin\zip.dll
0x00007ff8f7160000 - 0x00007ff8f7847000 	C:\WINDOWS\System32\SHELL32.dll
0x00007ff8f8400000 - 0x00007ff8f84a8000 	C:\WINDOWS\System32\shcore.dll
0x00007ff8f69e0000 - 0x00007ff8f715b000 	C:\WINDOWS\System32\windows.storage.dll
0x00007ff8f6000000 - 0x00007ff8f601e000 	C:\WINDOWS\System32\profapi.dll
0x00007ff8f5f90000 - 0x00007ff8f5fda000 	C:\WINDOWS\System32\powrprof.dll
0x00007ff8f5f60000 - 0x00007ff8f5f70000 	C:\WINDOWS\System32\UMPDC.dll
0x00007ff8f7b80000 - 0x00007ff8f7bd2000 	C:\WINDOWS\System32\shlwapi.dll
0x00007ff8f6650000 - 0x00007ff8f6667000 	C:\WINDOWS\System32\cryptsp.dll
0x00007ff8f5280000 - 0x00007ff8f52b3000 	C:\WINDOWS\system32\rsaenh.dll
0x00007ff8f6460000 - 0x00007ff8f6486000 	C:\WINDOWS\System32\bcrypt.dll
0x00007ff8f5e80000 - 0x00007ff8f5ea5000 	C:\WINDOWS\SYSTEM32\USERENV.dll
0x00007ff8f5870000 - 0x00007ff8f587c000 	C:\WINDOWS\SYSTEM32\CRYPTBASE.dll
0x00007ff8e2400000 - 0x00007ff8e241c000 	C:\Program Files\Java\jdk1.8.0_301\jre\bin\net.dll
0x00007ff8f56f0000 - 0x00007ff8f5757000 	C:\WINDOWS\system32\mswsock.dll
0x00007ff8f5410000 - 0x00007ff8f544a000 	C:\WINDOWS\SYSTEM32\IPHLPAPI.DLL
0x00007ff8f8a00000 - 0x00007ff8f8a08000 	C:\WINDOWS\System32\NSI.dll
0x00007ff8f1060000 - 0x00007ff8f1076000 	C:\WINDOWS\SYSTEM32\dhcpcsvc6.DLL
0x00007ff8f0e10000 - 0x00007ff8f0e2c000 	C:\WINDOWS\SYSTEM32\dhcpcsvc.DLL
0x00007ff8f5450000 - 0x00007ff8f551b000 	C:\WINDOWS\SYSTEM32\DNSAPI.dll
0x00007ff8e0480000 - 0x00007ff8e0493000 	C:\Program Files\Java\jdk1.8.0_301\jre\bin\nio.dll
0x00007ff8efe90000 - 0x00007ff8efe9a000 	C:\Users\Admin\AppData\Local\Temp\jansi-1.17-8302230945568732647.dll
0x00007ff8e3600000 - 0x00007ff8e360a000 	C:\Users\Admin\AppData\Local\Temp\jansi-1.17-4960836327381968956.dll
0x00007ff8effc0000 - 0x00007ff8effcd000 	C:\Program Files\Java\jdk1.8.0_301\jre\bin\management.dll
0x00007ff8e3b80000 - 0x00007ff8e3b96000 	C:\WINDOWS\system32\napinsp.dll
0x00007ff8e3b60000 - 0x00007ff8e3b7a000 	C:\WINDOWS\system32\pnrpnsp.dll
0x00007ff8e3b50000 - 0x00007ff8e3b5e000 	C:\WINDOWS\System32\winrnr.dll
0x00007ff8f2400000 - 0x00007ff8f241c000 	C:\WINDOWS\system32\NLAapi.dll
0x00007ff8e3b30000 - 0x00007ff8e3b45000 	C:\WINDOWS\system32\wshbth.dll
0x00007ff8efe50000 - 0x00007ff8efe5a000 	C:\Windows\System32\rasadhlp.dll
0x00007ff8f09b0000 - 0x00007ff8f0a27000 	C:\WINDOWS\System32\fwpuclnt.dll

VM Arguments:
jvm_args: -Dmaven.home=EMBEDDED -Dclassworlds.conf=D:\Gitworkspace\EVchargingstation\chargingStationWork\.metadata\.plugins\org.eclipse.m2e.launching\launches\m2conf5736551797430930334.tmp -Dmaven.multiModuleProjectDirectory=D:\Gitworkspace\EVchargingstation\chargingStationApi\chargingStationApi -Dfile.encoding=Cp1252 
java_command: org.codehaus.plexus.classworlds.launcher.Launcher -B install
java_class_path (initial): D:\softwares\sts-4.1.0.RELEASE\plugins\org.eclipse.m2e.maven.runtime_1.11.0.20190220-2117\jars\plexus-classworlds-2.5.2.jar
Launcher Type: SUN_STANDARD

Environment Variables:
JAVA_HOME=C:\Program Files\Java\jdk1.7.0_79\bin
PATH=C:/Program Files/Java/jre1.8.0_311/bin/server;C:/Program Files/Java/jre1.8.0_311/bin;C:/Program Files/Java/jre1.8.0_311/lib/amd64;C:\Program Files (x86)\Common Files\Oracle\Java\javapath;D:\app\Admin\product\11.2.0\dbhome_1\bin;C:\WINDOWS\system32;C:\WINDOWS;C:\WINDOWS\System32\Wbem;C:\WINDOWS\System32\WindowsPowerShell\v1.0\;C:\WINDOWS\System32\OpenSSH\;C:\Program Files\PuTTY\;C:\Program Files (x86)\CrSSL\bin;C:\Program Files\Git\cmd;C:\Program Files\Java\jdk1.7.0_79\bin;C:\Program Files\Java\jdk1.8.0_201\bin;C:\Program Files\MySQL\MySQL Utilities 1.6\;C:\Users\Admin\AppData\Local\Microsoft\WindowsApps;D:\softwares\sts-4.1.0.RELEASE;
USERNAME=Admin
OS=Windows_NT
PROCESSOR_IDENTIFIER=Intel64 Family 6 Model 158 Stepping 11, GenuineIntel



---------------  S Y S T E M  ---------------

OS: Windows 10.0 , 64 bit Build 18362 (10.0.18362.1500)

CPU:total 4 (initial active 4) (4 cores per cpu, 1 threads per core) family 6 model 158 stepping 11, cmov, cx8, fxsr, mmx, sse, sse2, sse3, ssse3, sse4.1, sse4.2, popcnt, avx, avx2, aes, clmul, erms, 3dnowpref, lzcnt, tsc, tscinvbit, bmi1, bmi2, adx

Memory: 4k page, physical 8264908k(497420k free), swap 33430732k(2668k free)

vm_info: Java HotSpot(TM) 64-Bit Server VM (25.301-b09) for windows-amd64 JRE (1.8.0_301-b09), built on Jun  9 2021 06:46:21 by "java_re" with MS VC++ 15.9 (VS2017)

time: Thu May 12 11:52:49 2022
timezone: India Standard Time
elapsed time: 16.388018 seconds (0d 0h 0m 16s)

