#
# There is insufficient memory for the Java Runtime Environment to continue.
# Native memory allocation (malloc) failed to allocate 1208976 bytes for Chunk::new
# Possible reasons:
#   The system is out of physical RAM or swap space
#   The process is running with CompressedOops enabled, and the Java Heap may be blocking the growth of the native heap
# Possible solutions:
#   Reduce memory load on the system
#   Increase physical memory or swap space
#   Check if swap backing store is full
#   Decrease Java heap size (-Xmx/-Xms)
#   Decrease number of Java threads
#   Decrease Java thread stack sizes (-Xss)
#   Set larger code cache with -XX:ReservedCodeCacheSize=
#   JVM is running with Unscaled Compressed Oops mode in which the Java heap is
#     placed in the first 4GB address space. The Java Heap base address is the
#     maximum limit for the native heap growth. Please use -XX:HeapBaseMinAddress
#     to set the Java Heap base and to place the Java Heap above 4GB virtual address.
# This output file may be truncated or incomplete.
#
#  Out of Memory Error (allocation.cpp:389), pid=15068, tid=0x00000000000052d8
#
# JRE version: Java(TM) SE Runtime Environment (8.0_301-b09) (build 1.8.0_301-b09)
# Java VM: Java HotSpot(TM) 64-Bit Server VM (25.301-b09 mixed mode windows-amd64 compressed oops)
# Failed to write core dump. Minidumps are not enabled by default on client versions of Windows
#

---------------  T H R E A D  ---------------

Current thread (0x000002b3b5396000):  JavaThread "C2 CompilerThread0" daemon [_thread_in_native, id=21208, stack(0x000000f453f00000,0x000000f454000000)]

Stack: [0x000000f453f00000,0x000000f454000000]
Native frames: (J=compiled Java code, j=interpreted, Vv=VM code, C=native code)
V  [jvm.dll+0x32ed79]
V  [jvm.dll+0x275722]
V  [jvm.dll+0x2763cd]
V  [jvm.dll+0x26ce05]
V  [jvm.dll+0xd551c]
V  [jvm.dll+0xd5d1c]
V  [jvm.dll+0x470143]
V  [jvm.dll+0x437c50]
V  [jvm.dll+0x440c55]
V  [jvm.dll+0x440015]
V  [jvm.dll+0x42ae57]
V  [jvm.dll+0xac1bb]
V  [jvm.dll+0xaa81b]
V  [jvm.dll+0x23ddc2]
V  [jvm.dll+0x2923dc]
C  [ucrtbase.dll+0x210b2]
C  [KERNEL32.DLL+0x17c24]
C  [ntdll.dll+0x6d721]


Current CompileTask:
C2:   4136 3264       4       org.springframework.beans.factory.support.AbstractBeanFactory::isTypeMatch (607 bytes)


---------------  P R O C E S S  ---------------

Java Threads: ( => current thread )
  0x000002b3b603c800 JavaThread "surefire-forkedjvm-ping-30s" daemon [_thread_blocked, id=12212, stack(0x000000f454500000,0x000000f454600000)]
  0x000002b3b5fca000 JavaThread "surefire-forkedjvm-command-thread" daemon [_thread_in_native, id=21104, stack(0x000000f454400000,0x000000f454500000)]
  0x000002b3b540c800 JavaThread "Service Thread" daemon [_thread_blocked, id=4428, stack(0x000000f454200000,0x000000f454300000)]
  0x000002b3b53a0000 JavaThread "C1 CompilerThread2" daemon [_thread_blocked, id=20408, stack(0x000000f454100000,0x000000f454200000)]
  0x000002b3b539f000 JavaThread "C2 CompilerThread1" daemon [_thread_in_native, id=3236, stack(0x000000f454000000,0x000000f454100000)]
=>0x000002b3b5396000 JavaThread "C2 CompilerThread0" daemon [_thread_in_native, id=21208, stack(0x000000f453f00000,0x000000f454000000)]
  0x000002b3b5393800 JavaThread "Attach Listener" daemon [_thread_blocked, id=20252, stack(0x000000f453e00000,0x000000f453f00000)]
  0x000002b3b539a000 JavaThread "Signal Dispatcher" daemon [_thread_blocked, id=20940, stack(0x000000f453d00000,0x000000f453e00000)]
  0x000002b3b4c48000 JavaThread "Finalizer" daemon [_thread_blocked, id=16696, stack(0x000000f453b00000,0x000000f453c00000)]
  0x000002b3b5376000 JavaThread "Reference Handler" daemon [_thread_blocked, id=9380, stack(0x000000f453a00000,0x000000f453b00000)]
  0x000002b39eb83800 JavaThread "main" [_thread_in_vm, id=21032, stack(0x000000f453400000,0x000000f453500000)]

Other Threads:
  0x000002b3b5352000 VMThread [stack: 0x000000f453900000,0x000000f453a00000] [id=11588]
  0x000002b3b542a000 WatcherThread [stack: 0x000000f454300000,0x000000f454400000] [id=6320]

VM state:not at safepoint (normal execution)

VM Mutex/Monitor currently owned by a thread: None

heap address: 0x0000000081e00000, size: 2018 MB, Compressed Oops mode: 32-bit
Narrow klass base: 0x0000000000000000, Narrow klass shift: 3
Compressed class space size: 1073741824 Address: 0x0000000100000000

Heap:
 PSYoungGen      total 189440K, used 25585K [0x00000000d5f80000, 0x00000000e4180000, 0x0000000100000000)
  eden space 178688K, 14% used [0x00000000d5f80000,0x00000000d787c7c0,0x00000000e0e00000)
  from space 10752K, 0% used [0x00000000e0e00000,0x00000000e0e00000,0x00000000e1880000)
  to   space 8704K, 0% used [0x00000000e1880000,0x00000000e1880000,0x00000000e2100000)
 ParOldGen       total 54784K, used 12094K [0x0000000081e00000, 0x0000000085380000, 0x00000000d5f80000)
  object space 54784K, 22% used [0x0000000081e00000,0x00000000829cfae0,0x0000000085380000)
 Metaspace       used 34086K, capacity 36378K, committed 36608K, reserved 1083392K
  class space    used 4598K, capacity 5020K, committed 5120K, reserved 1048576K

Card table byte_map: [0x000002b3af990000,0x000002b3afd90000] byte_map_base: 0x000002b3af581000

Marking Bits: (ParMarkBitMap*) 0x0000000066967fe0
 Begin Bits: [0x000002b3b0040000, 0x000002b3b1fc8000)
 End Bits:   [0x000002b3b1fc8000, 0x000002b3b3f50000)

Polling page: 0x000002b39ed80000

CodeCache: size=245760Kb used=12432Kb max_used=12432Kb free=233327Kb
 bounds [0x000002b3a05d0000, 0x000002b3a1200000, 0x000002b3af5d0000]
 total_blobs=3803 nmethods=3399 adapters=316
 compilation: enabled

Compilation events (10 events):
Event: 4.099 Thread 0x000002b3b53a0000 3401       3       org.springframework.core.MethodParameter::getContainingClass (18 bytes)
Event: 4.099 Thread 0x000002b3b53a0000 nmethod 3401 0x000002b3a11f4390 code [0x000002b3a11f4500, 0x000002b3a11f47d0]
Event: 4.115 Thread 0x000002b3b53a0000 3402       3       java.beans.PropertyDescriptor::getPropertyType0 (22 bytes)
Event: 4.115 Thread 0x000002b3b53a0000 nmethod 3402 0x000002b3a11f48d0 code [0x000002b3a11f4a40, 0x000002b3a11f4db0]
Event: 4.115 Thread 0x000002b3b53a0000 3403       1       org.springframework.beans.GenericTypeAwarePropertyDescriptor::getReadMethod (5 bytes)
Event: 4.115 Thread 0x000002b3b53a0000 nmethod 3403 0x000002b3a11f4e90 code [0x000002b3a11f4fe0, 0x000002b3a11f50f8]
Event: 4.118 Thread 0x000002b3b53a0000 3404  s    3       java.beans.PropertyDescriptor::setReadMethod (64 bytes)
Event: 4.119 Thread 0x000002b3b53a0000 nmethod 3404 0x000002b3a11f5150 code [0x000002b3a11f5520, 0x000002b3a11f7980]
Event: 4.119 Thread 0x000002b3b53a0000 3405  s    3       java.beans.PropertyDescriptor::setWriteMethod (61 bytes)
Event: 4.120 Thread 0x000002b3b53a0000 nmethod 3405 0x000002b3a11f8a50 code [0x000002b3a11f8e20, 0x000002b3a11fb280]

GC Heap History (10 events):
Event: 2.491 GC heap before
{Heap before GC invocations=8 (full 1):
 PSYoungGen      total 114688K, used 114553K [0x00000000d5f80000, 0x00000000def00000, 0x0000000100000000)
  eden space 109056K, 100% used [0x00000000d5f80000,0x00000000dca00000,0x00000000dca00000)
  from space 5632K, 97% used [0x00000000de980000,0x00000000deede448,0x00000000def00000)
  to   space 8192K, 0% used [0x00000000ddf00000,0x00000000ddf00000,0x00000000de700000)
 ParOldGen       total 54784K, used 6320K [0x0000000081e00000, 0x0000000085380000, 0x00000000d5f80000)
  object space 54784K, 11% used [0x0000000081e00000,0x000000008242c110,0x0000000085380000)
 Metaspace       used 27970K, capacity 29712K, committed 29952K, reserved 1075200K
  class space    used 3719K, capacity 4065K, committed 4096K, reserved 1048576K
Event: 2.505 GC heap after
Heap after GC invocations=8 (full 1):
 PSYoungGen      total 138752K, used 7876K [0x00000000d5f80000, 0x00000000e2100000, 0x0000000100000000)
  eden space 130560K, 0% used [0x00000000d5f80000,0x00000000d5f80000,0x00000000ddf00000)
  from space 8192K, 96% used [0x00000000ddf00000,0x00000000de6b1138,0x00000000de700000)
  to   space 8704K, 0% used [0x00000000e1880000,0x00000000e1880000,0x00000000e2100000)
 ParOldGen       total 54784K, used 6320K [0x0000000081e00000, 0x0000000085380000, 0x00000000d5f80000)
  object space 54784K, 11% used [0x0000000081e00000,0x000000008242c110,0x0000000085380000)
 Metaspace       used 27970K, capacity 29712K, committed 29952K, reserved 1075200K
  class space    used 3719K, capacity 4065K, committed 4096K, reserved 1048576K
}
Event: 3.763 GC heap before
{Heap before GC invocations=9 (full 1):
 PSYoungGen      total 138752K, used 125912K [0x00000000d5f80000, 0x00000000e2100000, 0x0000000100000000)
  eden space 130560K, 90% used [0x00000000d5f80000,0x00000000dd2c4fc0,0x00000000ddf00000)
  from space 8192K, 96% used [0x00000000ddf00000,0x00000000de6b1138,0x00000000de700000)
  to   space 8704K, 0% used [0x00000000e1880000,0x00000000e1880000,0x00000000e2100000)
 ParOldGen       total 54784K, used 6320K [0x0000000081e00000, 0x0000000085380000, 0x00000000d5f80000)
  object space 54784K, 11% used [0x0000000081e00000,0x000000008242c110,0x0000000085380000)
 Metaspace       used 33282K, capacity 35438K, committed 35496K, reserved 1079296K
  class space    used 4463K, capacity 4858K, committed 4864K, reserved 1048576K
Event: 3.771 GC heap after
Heap after GC invocations=9 (full 1):
 PSYoungGen      total 187392K, used 8686K [0x00000000d5f80000, 0x00000000e4180000, 0x0000000100000000)
  eden space 178688K, 0% used [0x00000000d5f80000,0x00000000d5f80000,0x00000000e0e00000)
  from space 8704K, 99% used [0x00000000e1880000,0x00000000e20fba80,0x00000000e2100000)
  to   space 10752K, 0% used [0x00000000e0e00000,0x00000000e0e00000,0x00000000e1880000)
 ParOldGen       total 54784K, used 9219K [0x0000000081e00000, 0x0000000085380000, 0x00000000d5f80000)
  object space 54784K, 16% used [0x0000000081e00000,0x0000000082700ec0,0x0000000085380000)
 Metaspace       used 33282K, capacity 35438K, committed 35496K, reserved 1079296K
  class space    used 4463K, capacity 4858K, committed 4864K, reserved 1048576K
}
Event: 3.771 GC heap before
{Heap before GC invocations=10 (full 2):
 PSYoungGen      total 187392K, used 8686K [0x00000000d5f80000, 0x00000000e4180000, 0x0000000100000000)
  eden space 178688K, 0% used [0x00000000d5f80000,0x00000000d5f80000,0x00000000e0e00000)
  from space 8704K, 99% used [0x00000000e1880000,0x00000000e20fba80,0x00000000e2100000)
  to   space 10752K, 0% used [0x00000000e0e00000,0x00000000e0e00000,0x00000000e1880000)
 ParOldGen       total 54784K, used 9219K [0x0000000081e00000, 0x0000000085380000, 0x00000000d5f80000)
  object space 54784K, 16% used [0x0000000081e00000,0x0000000082700ec0,0x0000000085380000)
 Metaspace       used 33282K, capacity 35438K, committed 35496K, reserved 1079296K
  class space    used 4463K, capacity 4858K, committed 4864K, reserved 1048576K
Event: 3.821 GC heap after
Heap after GC invocations=10 (full 2):
 PSYoungGen      total 187392K, used 0K [0x00000000d5f80000, 0x00000000e4180000, 0x0000000100000000)
  eden space 178688K, 0% used [0x00000000d5f80000,0x00000000d5f80000,0x00000000e0e00000)
  from space 8704K, 0% used [0x00000000e1880000,0x00000000e1880000,0x00000000e2100000)
  to   space 10752K, 0% used [0x00000000e0e00000,0x00000000e0e00000,0x00000000e1880000)
 ParOldGen       total 54784K, used 16462K [0x0000000081e00000, 0x0000000085380000, 0x00000000d5f80000)
  object space 54784K, 30% used [0x0000000081e00000,0x0000000082e13888,0x0000000085380000)
 Metaspace       used 33282K, capacity 35438K, committed 35496K, reserved 1079296K
  class space    used 4463K, capacity 4858K, committed 4864K, reserved 1048576K
}
Event: 3.924 GC heap before
{Heap before GC invocations=11 (full 2):
 PSYoungGen      total 187392K, used 17353K [0x00000000d5f80000, 0x00000000e4180000, 0x0000000100000000)
  eden space 178688K, 9% used [0x00000000d5f80000,0x00000000d7072748,0x00000000e0e00000)
  from space 8704K, 0% used [0x00000000e1880000,0x00000000e1880000,0x00000000e2100000)
  to   space 10752K, 0% used [0x00000000e0e00000,0x00000000e0e00000,0x00000000e1880000)
 ParOldGen       total 54784K, used 16462K [0x0000000081e00000, 0x0000000085380000, 0x00000000d5f80000)
  object space 54784K, 30% used [0x0000000081e00000,0x0000000082e13888,0x0000000085380000)
 Metaspace       used 33657K, capacity 35896K, committed 35968K, reserved 1085440K
  class space    used 4531K, capacity 4973K, committed 4992K, reserved 1048576K
Event: 3.926 GC heap after
Heap after GC invocations=11 (full 2):
 PSYoungGen      total 189440K, used 960K [0x00000000d5f80000, 0x00000000e4180000, 0x0000000100000000)
  eden space 178688K, 0% used [0x00000000d5f80000,0x00000000d5f80000,0x00000000e0e00000)
  from space 10752K, 8% used [0x00000000e0e00000,0x00000000e0ef0000,0x00000000e1880000)
  to   space 8704K, 0% used [0x00000000e1880000,0x00000000e1880000,0x00000000e2100000)
 ParOldGen       total 54784K, used 16470K [0x0000000081e00000, 0x0000000085380000, 0x00000000d5f80000)
  object space 54784K, 30% used [0x0000000081e00000,0x0000000082e15888,0x0000000085380000)
 Metaspace       used 33657K, capacity 35896K, committed 35968K, reserved 1085440K
  class space    used 4531K, capacity 4973K, committed 4992K, reserved 1048576K
}
Event: 3.926 GC heap before
{Heap before GC invocations=12 (full 3):
 PSYoungGen      total 189440K, used 960K [0x00000000d5f80000, 0x00000000e4180000, 0x0000000100000000)
  eden space 178688K, 0% used [0x00000000d5f80000,0x00000000d5f80000,0x00000000e0e00000)
  from space 10752K, 8% used [0x00000000e0e00000,0x00000000e0ef0000,0x00000000e1880000)
  to   space 8704K, 0% used [0x00000000e1880000,0x00000000e1880000,0x00000000e2100000)
 ParOldGen       total 54784K, used 16470K [0x0000000081e00000, 0x0000000085380000, 0x00000000d5f80000)
  object space 54784K, 30% used [0x0000000081e00000,0x0000000082e15888,0x0000000085380000)
 Metaspace       used 33657K, capacity 35896K, committed 35968K, reserved 1085440K
  class space    used 4531K, capacity 4973K, committed 4992K, reserved 1048576K
Event: 3.989 GC heap after
Heap after GC invocations=12 (full 3):
 PSYoungGen      total 189440K, used 0K [0x00000000d5f80000, 0x00000000e4180000, 0x0000000100000000)
  eden space 178688K, 0% used [0x00000000d5f80000,0x00000000d5f80000,0x00000000e0e00000)
  from space 10752K, 0% used [0x00000000e0e00000,0x00000000e0e00000,0x00000000e1880000)
  to   space 8704K, 0% used [0x00000000e1880000,0x00000000e1880000,0x00000000e2100000)
 ParOldGen       total 54784K, used 12094K [0x0000000081e00000, 0x0000000085380000, 0x00000000d5f80000)
  object space 54784K, 22% used [0x0000000081e00000,0x00000000829cfae0,0x0000000085380000)
 Metaspace       used 33657K, capacity 35896K, committed 35968K, reserved 1083392K
  class space    used 4531K, capacity 4973K, committed 4992K, reserved 1048576K
}

Deoptimization events (10 events):
Event: 3.748 Thread 0x000002b39eb83800 Uncommon trap: reason=class_check action=maybe_recompile pc=0x000002b3a0fb748c method=java.lang.reflect.Method.equals(Ljava/lang/Object;)Z @ 5
Event: 3.748 Thread 0x000002b39eb83800 Uncommon trap: reason=unstable_if action=reinterpret pc=0x000002b3a0fe43cc method=org.springframework.util.ConcurrentReferenceHashMap$Segment.findInChain(Lorg/springframework/util/ConcurrentReferenceHashMap$Reference;Ljava/lang/Object;I)Lorg/springframewo
Event: 3.749 Thread 0x000002b39eb83800 Uncommon trap: reason=class_check action=maybe_recompile pc=0x000002b3a0fb748c method=java.lang.reflect.Method.equals(Ljava/lang/Object;)Z @ 5
Event: 3.751 Thread 0x000002b39eb83800 Uncommon trap: reason=class_check action=maybe_recompile pc=0x000002b3a0fb748c method=java.lang.reflect.Method.equals(Ljava/lang/Object;)Z @ 5
Event: 3.751 Thread 0x000002b39eb83800 Uncommon trap: reason=class_check action=maybe_recompile pc=0x000002b3a0fb748c method=java.lang.reflect.Method.equals(Ljava/lang/Object;)Z @ 5
Event: 3.826 Thread 0x000002b39eb83800 Uncommon trap: reason=unstable_if action=reinterpret pc=0x000002b3a0a94518 method=org.springframework.util.ConcurrentReferenceHashMap$Segment.clear()V @ 7
Event: 3.832 Thread 0x000002b39eb83800 Uncommon trap: reason=unstable_if action=reinterpret pc=0x000002b3a0ea1698 method=org.springframework.beans.factory.support.AbstractBeanFactory.getBeanPostProcessorCache()Lorg/springframework/beans/factory/support/AbstractBeanFactory$BeanPostProcessorCach
Event: 3.838 Thread 0x000002b39eb83800 Uncommon trap: reason=unstable_if action=reinterpret pc=0x000002b3a0f2a41c method=org.springframework.beans.factory.support.DefaultSingletonBeanRegistry.getSingleton(Ljava/lang/String;Z)Ljava/lang/Object; @ 20
Event: 3.917 Thread 0x000002b39eb83800 Uncommon trap: reason=class_check action=maybe_recompile pc=0x000002b3a0fe73ec method=sun.reflect.generics.reflectiveObjects.TypeVariableImpl.hashCode()I @ 4
Event: 4.054 Thread 0x000002b39eb83800 Uncommon trap: reason=unstable_if action=reinterpret pc=0x000002b3a1176cc0 method=java.lang.reflect.Method.equals(Ljava/lang/Object;)Z @ 1

Classes redefined (0 events):
No events

Internal exceptions (10 events):
Event: 4.104 Thread 0x000002b39eb83800 Exception <a 'java/lang/ClassNotFoundException': org/springframework/beans/factory/InitializingBeanCustomizer> (0x00000000d72bd8d8) thrown at [C:\jenkins\workspace\8-2-build-windows-amd64-cygwin\jdk8u301\1513\hotspot\src\share\vm\classfile\systemDictionar
Event: 4.108 Thread 0x000002b39eb83800 Exception <a 'java/lang/ClassNotFoundException': java/lang/ObjectCustomizer> (0x00000000d73416c8) thrown at [C:\jenkins\workspace\8-2-build-windows-amd64-cygwin\jdk8u301\1513\hotspot\src\share\vm\classfile\systemDictionary.cpp, line 212]
Event: 4.109 Thread 0x000002b39eb83800 Exception <a 'java/lang/ClassNotFoundException': org/springframework/aop/support/AbstractPointcutAdvisorCustomizer> (0x00000000d737cf70) thrown at [C:\jenkins\workspace\8-2-build-windows-amd64-cygwin\jdk8u301\1513\hotspot\src\share\vm\classfile\systemDict
Event: 4.110 Thread 0x000002b39eb83800 Exception <a 'java/lang/ClassNotFoundException': org/springframework/aop/support/AbstractBeanFactoryPointcutAdvisorCustomizer> (0x00000000d73c1b90) thrown at [C:\jenkins\workspace\8-2-build-windows-amd64-cygwin\jdk8u301\1513\hotspot\src\share\vm\classfile
Event: 4.114 Thread 0x000002b39eb83800 Exception <a 'java/lang/ClassNotFoundException': org/springframework/transaction/interceptor/BeanFactoryTransactionAttributeSourceAdvisorCustomizer> (0x00000000d7416468) thrown at [C:\jenkins\workspace\8-2-build-windows-amd64-cygwin\jdk8u301\1513\hotspot\
Event: 4.116 Thread 0x000002b39eb83800 Exception <a 'java/lang/ClassNotFoundException': org/springframework/beans/factory/BeanFactoryAwareCustomizer> (0x00000000d7456208) thrown at [C:\jenkins\workspace\8-2-build-windows-amd64-cygwin\jdk8u301\1513\hotspot\src\share\vm\classfile\systemDictionar
Event: 4.117 Thread 0x000002b39eb83800 Exception <a 'java/lang/ClassNotFoundException': org/springframework/beans/factory/AwareCustomizer> (0x00000000d7485cd0) thrown at [C:\jenkins\workspace\8-2-build-windows-amd64-cygwin\jdk8u301\1513\hotspot\src\share\vm\classfile\systemDictionary.cpp, line
Event: 4.117 Thread 0x000002b39eb83800 Exception <a 'java/lang/ClassNotFoundException': org/springframework/aop/PointcutAdvisorCustomizer> (0x00000000d74b3f88) thrown at [C:\jenkins\workspace\8-2-build-windows-amd64-cygwin\jdk8u301\1513\hotspot\src\share\vm\classfile\systemDictionary.cpp, line
Event: 4.118 Thread 0x000002b39eb83800 Exception <a 'java/lang/ClassNotFoundException': org/springframework/aop/AdvisorCustomizer> (0x00000000d74de6b0) thrown at [C:\jenkins\workspace\8-2-build-windows-amd64-cygwin\jdk8u301\1513\hotspot\src\share\vm\classfile\systemDictionary.cpp, line 212]
Event: 4.118 Thread 0x000002b39eb83800 Exception <a 'java/lang/ClassNotFoundException': org/springframework/core/OrderedCustomizer> (0x00000000d7509650) thrown at [C:\jenkins\workspace\8-2-build-windows-amd64-cygwin\jdk8u301\1513\hotspot\src\share\vm\classfile\systemDictionary.cpp, line 212]

Events (10 events):
Event: 4.119 loading class org/springframework/security/config/annotation/method/configuration/GlobalMethodSecurityConfiguration$1
Event: 4.119 loading class org/springframework/security/config/annotation/method/configuration/GlobalMethodSecurityConfiguration$1 done
Event: 4.120 loading class org/springframework/security/access/PermissionEvaluator
Event: 4.120 loading class org/springframework/security/access/PermissionEvaluator done
Event: 4.120 loading class org/springframework/security/access/expression/method/MethodSecurityExpressionOperations
Event: 4.120 loading class org/springframework/security/access/expression/method/MethodSecurityExpressionOperations done
Event: 4.121 loading class org/springframework/security/access/expression/SecurityExpressionOperations
Event: 4.121 loading class org/springframework/security/access/expression/SecurityExpressionOperations done
Event: 4.121 loading class org/springframework/security/access/expression/method/MethodSecurityEvaluationContext
Event: 4.121 loading class org/springframework/security/access/expression/method/MethodSecurityEvaluationContext done


Dynamic libraries:
0x00007ff7d0b10000 - 0x00007ff7d0b57000 	C:\Program Files\Java\jdk1.8.0_301\jre\bin\java.exe
0x00007ff8f90e0000 - 0x00007ff8f92d0000 	C:\WINDOWS\SYSTEM32\ntdll.dll
0x00007ff8f7970000 - 0x00007ff8f7a22000 	C:\WINDOWS\System32\KERNEL32.DLL
0x00007ff8f60b0000 - 0x00007ff8f6355000 	C:\WINDOWS\System32\KERNELBASE.dll
0x00007ff8f7e70000 - 0x00007ff8f7f13000 	C:\WINDOWS\System32\ADVAPI32.dll
0x00007ff8f7be0000 - 0x00007ff8f7c7e000 	C:\WINDOWS\System32\msvcrt.dll
0x00007ff8f8d80000 - 0x00007ff8f8e17000 	C:\WINDOWS\System32\sechost.dll
0x00007ff8f7850000 - 0x00007ff8f796f000 	C:\WINDOWS\System32\RPCRT4.dll
0x00007ff8f8e20000 - 0x00007ff8f8fb4000 	C:\WINDOWS\System32\USER32.dll
0x00007ff8f6910000 - 0x00007ff8f6931000 	C:\WINDOWS\System32\win32u.dll
0x00007ff8f8fc0000 - 0x00007ff8f8fe6000 	C:\WINDOWS\System32\GDI32.dll
0x00007ff8f6670000 - 0x00007ff8f6808000 	C:\WINDOWS\System32\gdi32full.dll
0x00007ff8f6940000 - 0x00007ff8f69de000 	C:\WINDOWS\System32\msvcp_win.dll
0x00007ff8f6810000 - 0x00007ff8f690a000 	C:\WINDOWS\System32\ucrtbase.dll
0x00007ff8ee540000 - 0x00007ff8ee7c4000 	C:\WINDOWS\WinSxS\amd64_microsoft.windows.common-controls_6595b64144ccf1df_6.0.18362.1556_none_9e7e372fe45e41d5\COMCTL32.dll
0x00007ff8f86c0000 - 0x00007ff8f89f6000 	C:\WINDOWS\System32\combase.dll
0x00007ff8f6020000 - 0x00007ff8f60a1000 	C:\WINDOWS\System32\bcryptPrimitives.dll
0x00007ff8f84b0000 - 0x00007ff8f84de000 	C:\WINDOWS\System32\IMM32.DLL
0x00007ff8ecfa0000 - 0x00007ff8ecfb5000 	C:\Program Files\Java\jdk1.8.0_301\jre\bin\vcruntime140.dll
0x00007ff8dcd40000 - 0x00007ff8dcddb000 	C:\Program Files\Java\jdk1.8.0_301\jre\bin\msvcp140.dll
0x0000000066180000 - 0x00000000669e0000 	C:\Program Files\Java\jdk1.8.0_301\jre\bin\server\jvm.dll
0x00007ff8f8390000 - 0x00007ff8f8398000 	C:\WINDOWS\System32\PSAPI.DLL
0x00007ff8e1d30000 - 0x00007ff8e1d39000 	C:\WINDOWS\SYSTEM32\WSOCK32.dll
0x00007ff8f8a20000 - 0x00007ff8f8a8f000 	C:\WINDOWS\System32\WS2_32.dll
0x00007ff8f40b0000 - 0x00007ff8f40d4000 	C:\WINDOWS\SYSTEM32\WINMM.dll
0x00007ff8f2200000 - 0x00007ff8f220a000 	C:\WINDOWS\SYSTEM32\VERSION.dll
0x00007ff8f4050000 - 0x00007ff8f407d000 	C:\WINDOWS\SYSTEM32\WINMMBASE.dll
0x00007ff8f6360000 - 0x00007ff8f63aa000 	C:\WINDOWS\System32\cfgmgr32.dll
0x00007ff8f5fe0000 - 0x00007ff8f5ff1000 	C:\WINDOWS\System32\kernel.appcore.dll
0x00007ff8f17d0000 - 0x00007ff8f17e0000 	C:\Program Files\Java\jdk1.8.0_301\jre\bin\verify.dll
0x00007ff8e04a0000 - 0x00007ff8e04cb000 	C:\Program Files\Java\jdk1.8.0_301\jre\bin\java.dll
0x00007ff8e2ae0000 - 0x00007ff8e2af8000 	C:\Program Files\Java\jdk1.8.0_301\jre\bin\zip.dll
0x00007ff8f7160000 - 0x00007ff8f7847000 	C:\WINDOWS\System32\SHELL32.dll
0x00007ff8f8400000 - 0x00007ff8f84a8000 	C:\WINDOWS\System32\shcore.dll
0x00007ff8f69e0000 - 0x00007ff8f715b000 	C:\WINDOWS\System32\windows.storage.dll
0x00007ff8f6000000 - 0x00007ff8f601e000 	C:\WINDOWS\System32\profapi.dll
0x00007ff8f5f90000 - 0x00007ff8f5fda000 	C:\WINDOWS\System32\powrprof.dll
0x00007ff8f5f60000 - 0x00007ff8f5f70000 	C:\WINDOWS\System32\UMPDC.dll
0x00007ff8f7b80000 - 0x00007ff8f7bd2000 	C:\WINDOWS\System32\shlwapi.dll
0x00007ff8f6650000 - 0x00007ff8f6667000 	C:\WINDOWS\System32\cryptsp.dll
0x00007ff8effc0000 - 0x00007ff8effcd000 	C:\Program Files\Java\jdk1.8.0_301\jre\bin\management.dll
0x00007ff8e2400000 - 0x00007ff8e241c000 	C:\Program Files\Java\jdk1.8.0_301\jre\bin\net.dll
0x00007ff8f56f0000 - 0x00007ff8f5757000 	C:\WINDOWS\system32\mswsock.dll
0x00007ff8e0480000 - 0x00007ff8e0493000 	C:\Program Files\Java\jdk1.8.0_301\jre\bin\nio.dll
0x00007ff8e3b80000 - 0x00007ff8e3b96000 	C:\WINDOWS\system32\napinsp.dll
0x00007ff8e3b60000 - 0x00007ff8e3b7a000 	C:\WINDOWS\system32\pnrpnsp.dll
0x00007ff8f5450000 - 0x00007ff8f551b000 	C:\WINDOWS\SYSTEM32\DNSAPI.dll
0x00007ff8f8a00000 - 0x00007ff8f8a08000 	C:\WINDOWS\System32\NSI.dll
0x00007ff8f5410000 - 0x00007ff8f544a000 	C:\WINDOWS\SYSTEM32\IPHLPAPI.DLL
0x00007ff8e3b50000 - 0x00007ff8e3b5e000 	C:\WINDOWS\System32\winrnr.dll
0x00007ff8f2400000 - 0x00007ff8f241c000 	C:\WINDOWS\system32\NLAapi.dll
0x00007ff8e3b30000 - 0x00007ff8e3b45000 	C:\WINDOWS\system32\wshbth.dll
0x00007ff8efe50000 - 0x00007ff8efe5a000 	C:\Windows\System32\rasadhlp.dll
0x00007ff8f09b0000 - 0x00007ff8f0a27000 	C:\WINDOWS\System32\fwpuclnt.dll
0x00007ff8f6460000 - 0x00007ff8f6486000 	C:\WINDOWS\System32\bcrypt.dll
0x00007ff8e7fb0000 - 0x00007ff8e81a4000 	C:\WINDOWS\SYSTEM32\dbghelp.dll

VM Arguments:
java_command: C:\Users\Admin\AppData\Local\Temp\surefire7736789070919697161\surefirebooter7953544971864712962.jar C:\Users\Admin\AppData\Local\Temp\surefire7736789070919697161 2022-05-12T11-52-44_805-jvmRun1 surefire4155908202863515604tmp surefire_01652328817148754719tmp
java_class_path (initial): C:\Users\Admin\AppData\Local\Temp\surefire7736789070919697161\surefirebooter7953544971864712962.jar
Launcher Type: SUN_STANDARD

Environment Variables:
JAVA_HOME=C:\Program Files\Java\jdk1.7.0_79\bin
PATH=C:/Program Files/Java/jre1.8.0_311/bin/server;C:/Program Files/Java/jre1.8.0_311/bin;C:/Program Files/Java/jre1.8.0_311/lib/amd64;C:\Program Files (x86)\Common Files\Oracle\Java\javapath;D:\app\Admin\product\11.2.0\dbhome_1\bin;C:\WINDOWS\system32;C:\WINDOWS;C:\WINDOWS\System32\Wbem;C:\WINDOWS\System32\WindowsPowerShell\v1.0\;C:\WINDOWS\System32\OpenSSH\;C:\Program Files\PuTTY\;C:\Program Files (x86)\CrSSL\bin;C:\Program Files\Git\cmd;C:\Program Files\Java\jdk1.7.0_79\bin;C:\Program Files\Java\jdk1.8.0_201\bin;C:\Program Files\MySQL\MySQL Utilities 1.6\;C:\Users\Admin\AppData\Local\Microsoft\WindowsApps;D:\softwares\sts-4.1.0.RELEASE;
USERNAME=Admin
OS=Windows_NT
PROCESSOR_IDENTIFIER=Intel64 Family 6 Model 158 Stepping 11, GenuineIntel



---------------  S Y S T E M  ---------------

OS: Windows 10.0 , 64 bit Build 18362 (10.0.18362.1500)

CPU:total 4 (initial active 4) (4 cores per cpu, 1 threads per core) family 6 model 158 stepping 11, cmov, cx8, fxsr, mmx, sse, sse2, sse3, ssse3, sse4.1, sse4.2, popcnt, avx, avx2, aes, clmul, erms, 3dnowpref, lzcnt, tsc, tscinvbit, bmi1, bmi2, adx

Memory: 4k page, physical 8264908k(497420k free), swap 33430732k(2680k free)

vm_info: Java HotSpot(TM) 64-Bit Server VM (25.301-b09) for windows-amd64 JRE (1.8.0_301-b09), built on Jun  9 2021 06:46:21 by "java_re" with MS VC++ 15.9 (VS2017)

time: Thu May 12 11:52:49 2022
timezone: India Standard Time
elapsed time: 4.140709 seconds (0d 0h 0m 4s)

